@Mapsyn_Register_Account
Feature: verify the create Account screen

  Scenario Outline: Verify the Create Account Screen            [90m# featurefile/Mapsynq/Registers.feature:4[0m
    [36mGiven [0m[36mopen the valid url in Mapsynq APP[0m
    [36mThen [0m[36mclick the click the Register icon in Top of the screen[0m
    [36mThen [0m[36mEnter the Firstname in firstname field "<FirstName>"[0m
    [36mThen [0m[36mEnter the lastName in LastName field "<LastName>"[0m
    [36mThen [0m[36mEnter the Date of Birth  "<DateofBirth>"[0m
    [36mThen [0m[36mChoose the Gender[0m
    [36mThen [0m[36mEnter the Email id "<Email_id>"[0m
    [36mThen [0m[36mEnter the Password in password field "<Password>"[0m
    [36mThen [0m[36mEnter the confirm password "Confirmpassword>"[0m
    [36mThen [0m[36mclick the Agree button icon[0m
    [36mThen [0m[36mclick the submit button[0m
    [36mThen [0m[36mVerify the Account should be created[0m

    Examples: 

  @Mapsyn_Register_Account
  Scenario Outline: Verify the Create Account Screen            [90m# featurefile/Mapsynq/Registers.feature:20[0m
    [32mGiven [0m[32mopen the valid url in Mapsynq APP[0m                     [90m# Register_step.open_the_valid_url_in_Mapsynq_APP()[0m
    [32mThen [0m[32mclick the click the Register icon in Top of the screen[0m [90m# Register_step.click_the_click_the_Register_icon_in_Top_of_the_screen()[0m
    [32mThen [0m[32mEnter the Firstname in firstname field "[0m[32m[1mTest[0m[32m"[0m          [90m# Register_step.enter_the_Firstname_in_firstname_field(String)[0m
    [32mThen [0m[32mEnter the lastName in LastName field "[0m[32m[1mTest[0m[32m"[0m            [90m# Register_step.enter_the_lastName_in_LastName_field(String)[0m
    [32mThen [0m[32mEnter the Date of Birth  "[0m[32m[1m12-10-1986[0m[32m"[0m                  [90m# Register_step.enter_the_Date_of_Birth(String)[0m
    [32mThen [0m[32mChoose the Gender[0m                                      [90m# Register_step.choose_the_Gender()[0m
    [32mThen [0m[32mEnter the Email id "[0m[32m[1mTest@gmail.com[0m[32m"[0m                    [90m# Register_step.enter_the_Email_id(String)[0m
    [32mThen [0m[32mEnter the Password in password field "[0m[32m[1mTtest@238[0m[32m"[0m       [90m# Register_step.enter_the_Password_in_password_field(String)[0m
    [32mThen [0m[32mEnter the confirm password "[0m[32m[1mConfirmpassword>[0m[32m"[0m          [90m# Register_step.enter_the_confirm_password(String)[0m
    [32mThen [0m[32mclick the Agree button icon[0m                            [90m# Register_step.click_the_Agree_button_icon()[0m
    [32mThen [0m[32mclick the submit button[0m                                [90m# Register_step.click_the_submit_button()[0m
    [31mThen [0m[31mVerify the Account should be created[0m                   [90m# Register_step.verify_the_Account_should_be_created()[0m
      [31mjava.lang.AssertionError: Register_step is fail expected [true] but found [false]
      	at org.testng.Assert.fail(Assert.java:96)
      	at org.testng.Assert.failNotEquals(Assert.java:776)
      	at org.testng.Assert.assertTrue(Assert.java:44)
      	at com.cucumber.framework.stepdefinition.Mapsyn_step.Register_step.verify_the_Account_should_be_created(Register_step.java:128)
      	at âœ½.Then Verify the Account should be created(featurefile/Mapsynq/Registers.feature:16)
      [0m

  @Mapsyn_Register_Account
  Scenario Outline: Verify the Create Account Screen            [90m# featurefile/Mapsynq/Registers.feature:21[0m
    [32mGiven [0m[32mopen the valid url in Mapsynq APP[0m                     [90m# Register_step.open_the_valid_url_in_Mapsynq_APP()[0m
    [32mThen [0m[32mclick the click the Register icon in Top of the screen[0m [90m# Register_step.click_the_click_the_Register_icon_in_Top_of_the_screen()[0m
    [32mThen [0m[32mEnter the Firstname in firstname field "[0m[32m[1mTests[0m[32m"[0m         [90m# Register_step.enter_the_Firstname_in_firstname_field(String)[0m
    [32mThen [0m[32mEnter the lastName in LastName field "[0m[32m[1mTests[0m[32m"[0m           [90m# Register_step.enter_the_lastName_in_LastName_field(String)[0m
    [32mThen [0m[32mEnter the Date of Birth  "[0m[32m[1m12-10-1986[0m[32m"[0m                  [90m# Register_step.enter_the_Date_of_Birth(String)[0m
    [32mThen [0m[32mChoose the Gender[0m                                      [90m# Register_step.choose_the_Gender()[0m
    [32mThen [0m[32mEnter the Email id "[0m[32m[1mTesst@gmail.com[0m[32m"[0m                   [90m# Register_step.enter_the_Email_id(String)[0m
    [32mThen [0m[32mEnter the Password in password field "[0m[32m[1mTtest@238[0m[32m"[0m       [90m# Register_step.enter_the_Password_in_password_field(String)[0m
    [32mThen [0m[32mEnter the confirm password "[0m[32m[1mConfirmpassword>[0m[32m"[0m          [90m# Register_step.enter_the_confirm_password(String)[0m
    [32mThen [0m[32mclick the Agree button icon[0m                            [90m# Register_step.click_the_Agree_button_icon()[0m
    [32mThen [0m[32mclick the submit button[0m                                [90m# Register_step.click_the_submit_button()[0m
    [31mThen [0m[31mVerify the Account should be created[0m                   [90m# Register_step.verify_the_Account_should_be_created()[0m
      [31mjava.lang.AssertionError: Register_step is fail expected [true] but found [false]
      	at org.testng.Assert.fail(Assert.java:96)
      	at org.testng.Assert.failNotEquals(Assert.java:776)
      	at org.testng.Assert.assertTrue(Assert.java:44)
      	at com.cucumber.framework.stepdefinition.Mapsyn_step.Register_step.verify_the_Account_should_be_created(Register_step.java:128)
      	at âœ½.Then Verify the Account should be created(featurefile/Mapsynq/Registers.feature:16)
      [0m
