<?xml version="1.0" encoding="UTF-8"?>
<!-- Generated by org.testng.reporters.JUnitXMLReporter -->
<testsuite hostname="LAPTOP-P9U8PG08" ignored="0" name="Question_2" tests="1" failures="1" timestamp="22 Apr 2020 02:01:06 GMT" time="36.032" errors="0">
  <testcase name="feature" time="35.408" classname="cucumber.api.testng.AbstractTestNGCucumberTests">
    <failure type="cucumber.runtime.CucumberException" message="java.lang.AssertionError: Register_step is fail expected [true] but found [false]">
      <![CDATA[cucumber.runtime.CucumberException: java.lang.AssertionError: Register_step is fail expected [true] but found [false]
at cucumber.api.testng.TestNGCucumberRunner.runCucumber(TestNGCucumberRunner.java:69)
at cucumber.api.testng.AbstractTestNGCucumberTests.feature(AbstractTestNGCucumberTests.java:21)
Caused by: java.lang.AssertionError: Register_step is fail expected [true] but found [false]
at com.cucumber.framework.stepdefinition.Mapsyn_step.Register_step.verify_the_Account_should_be_created(Register_step.java:128)
at âœ½.Then Verify the Account should be created(featurefile/Mapsynq/Registers.feature:16)
... Removed 28 stack frames]]>
    </failure>
  </testcase> <!-- feature -->
</testsuite> <!-- Question_2 -->
