<?xml version="1.0" encoding="UTF-8"?>
<!-- Generated by org.testng.reporters.JUnitReportReporter -->
<testsuite skipped="0" hostname="LAPTOP-P9U8PG08" name="com.cucumber.framework.runner.IMDb.Question_1" tests="1" failures="0" timestamp="22 Apr 2020 01:12:09 GMT" time="18.251" errors="1">
  <testcase name="feature" time="18.251" classname="com.cucumber.framework.runner.IMDb.Question_1">
    <error type="cucumber.runtime.CucumberException" message="cucumber.runtime.CucumberException: Failed to instantiate class com.cucumber.framework.stepdefinition.Mapsyn_step.Search_Test_step">
      <![CDATA[cucumber.runtime.CucumberException: cucumber.runtime.CucumberException: Failed to instantiate class com.cucumber.framework.stepdefinition.Mapsyn_step.Search_Test_step
at cucumber.api.testng.TestNGCucumberRunner.runCucumber(TestNGCucumberRunner.java:69)
at cucumber.api.testng.AbstractTestNGCucumberTests.feature(AbstractTestNGCucumberTests.java:21)
at sun.reflect.NativeMethodAccessorImpl.invoke0(Native Method)
at sun.reflect.NativeMethodAccessorImpl.invoke(Unknown Source)
at sun.reflect.DelegatingMethodAccessorImpl.invoke(Unknown Source)
at java.lang.reflect.Method.invoke(Unknown Source)
at org.testng.internal.MethodInvocationHelper.invokeMethod(MethodInvocationHelper.java:124)
at org.testng.internal.Invoker.invokeMethod(Invoker.java:580)
at org.testng.internal.Invoker.invokeTestMethod(Invoker.java:716)
at org.testng.internal.Invoker.invokeTestMethods(Invoker.java:988)
at org.testng.internal.TestMethodWorker.invokeTestMethods(TestMethodWorker.java:125)
at org.testng.internal.TestMethodWorker.run(TestMethodWorker.java:109)
at org.testng.TestRunner.privateRun(TestRunner.java:648)
at org.testng.TestRunner.run(TestRunner.java:505)
at org.testng.SuiteRunner.runTest(SuiteRunner.java:455)
at org.testng.SuiteRunner.runSequentially(SuiteRunner.java:450)
at org.testng.SuiteRunner.privateRun(SuiteRunner.java:415)
at org.testng.SuiteRunner.run(SuiteRunner.java:364)
at org.testng.SuiteRunnerWorker.runSuite(SuiteRunnerWorker.java:52)
at org.testng.SuiteRunnerWorker.run(SuiteRunnerWorker.java:84)
at org.testng.TestNG.runSuitesSequentially(TestNG.java:1208)
at org.testng.TestNG.runSuitesLocally(TestNG.java:1137)
at org.testng.TestNG.runSuites(TestNG.java:1049)
at org.testng.TestNG.run(TestNG.java:1017)
at org.testng.remote.AbstractRemoteTestNG.run(AbstractRemoteTestNG.java:114)
at org.testng.remote.RemoteTestNG.initAndRun(RemoteTestNG.java:251)
at org.testng.remote.RemoteTestNG.main(RemoteTestNG.java:77)
Caused by: cucumber.runtime.CucumberException: Failed to instantiate class com.cucumber.framework.stepdefinition.Mapsyn_step.Search_Test_step
at cucumber.runtime.java.DefaultJavaObjectFactory.cacheNewInstance(DefaultJavaObjectFactory.java:47)
at cucumber.runtime.java.DefaultJavaObjectFactory.getInstance(DefaultJavaObjectFactory.java:33)
at cucumber.runtime.java.JavaStepDefinition.execute(JavaStepDefinition.java:38)
at cucumber.runtime.StepDefinitionMatch.runStep(StepDefinitionMatch.java:37)
at cucumber.runtime.Runtime.runStep(Runtime.java:300)
at cucumber.runtime.model.StepContainer.runStep(StepContainer.java:44)
at cucumber.runtime.model.StepContainer.runSteps(StepContainer.java:39)
at cucumber.runtime.model.CucumberScenario.run(CucumberScenario.java:44)
at cucumber.runtime.model.CucumberFeature.run(CucumberFeature.java:165)
at cucumber.api.testng.TestNGCucumberRunner.runCucumber(TestNGCucumberRunner.java:63)
... 26 more
Caused by: java.lang.reflect.InvocationTargetException
at sun.reflect.NativeConstructorAccessorImpl.newInstance0(Native Method)
at sun.reflect.NativeConstructorAccessorImpl.newInstance(Unknown Source)
at sun.reflect.DelegatingConstructorAccessorImpl.newInstance(Unknown Source)
at java.lang.reflect.Constructor.newInstance(Unknown Source)
at cucumber.runtime.java.DefaultJavaObjectFactory.cacheNewInstance(DefaultJavaObjectFactory.java:41)
... 35 more
Caused by: java.lang.Error: Unresolved compilation problems: 
The declared package "com.cucumber.framework.stepdefinition.IMDb_step" does not match the expected package "com.cucumber.framework.stepdefinition.Mapsyn_step"
The import com.cucumber.framework.IMDb_page cannot be resolved
Search_test_page cannot be resolved to a type
Search_test_page cannot be resolved to a type
Search_test_page cannot be resolved to a type
Search_test_page cannot be resolved to a type
Search_test_page cannot be resolved to a type
Search_test_page cannot be resolved to a type
Search_test_page cannot be resolved to a type
Search_test_page cannot be resolved to a type
Search_test_page cannot be resolved to a type
Search_test_page cannot be resolved to a type
Search_test_page cannot be resolved to a type
Search_test_page cannot be resolved to a type
Search_test_page cannot be resolved to a type
Search_test_page cannot be resolved to a type
Search_test_page cannot be resolved to a type
Search_test_page cannot be resolved to a type
Search_test_page cannot be resolved to a type
Search_test_page cannot be resolved to a type
Search_test_page cannot be resolved to a type
Search_test_page cannot be resolved to a type
Search_test_page cannot be resolved to a type
Search_test_page cannot be resolved to a type

at com.cucumber.framework.stepdefinition.Mapsyn_step.Search_Test_step.<init>(Search_Test_step.java:1)
... 40 more
]]>
    </error>
  </testcase> <!-- feature -->
</testsuite> <!-- com.cucumber.framework.runner.IMDb.Question_1 -->
